{"uid":"9e8a18ca8c5d044a","name":"test_group[caseinfo20]","fullName":"test_case.test_smoke_invoice.TestInvoice#test_group","historyId":"911eac44db654b77e91c0c095e66b568","time":{"start":1676882714312,"stop":1676882742435,"duration":28123},"status":"broken","statusMessage":"selenium.common.exceptions.NoSuchElementException: Message: no such element: Unable to locate element: {\"method\":\"css selector\",\"selector\":\".ant-select-dropdown-menu-item:nth-child(9)\"}\n  (Session info: chrome=110.0.5481.104)\nStacktrace:\nBacktrace:\n\t(No symbol) [0x00383643]\n\t(No symbol) [0x00318981]\n\t(No symbol) [0x0021B35D]\n\t(No symbol) [0x0024D352]\n\t(No symbol) [0x0024D48B]\n\t(No symbol) [0x002831F2]\n\t(No symbol) [0x0026B444]\n\t(No symbol) [0x002810F5]\n\t(No symbol) [0x0026B1F6]\n\t(No symbol) [0x00240D57]\n\t(No symbol) [0x002424FD]\n\tGetHandleVerifier [0x005FB5F2+2513186]\n\tGetHandleVerifier [0x0062B730+2710112]\n\tGetHandleVerifier [0x0062ECDC+2723852]\n\tGetHandleVerifier [0x00432250+640384]\n\t(No symbol) [0x00321142]\n\t(No symbol) [0x00326AD8]\n\t(No symbol) [0x00326BBB]\n\t(No symbol) [0x003309FB]\n\tBaseThreadInitThunk [0x7750FEF9+25]\n\tRtlGetAppContainerNamedObjectPath [0x77BA7BBE+286]\n\tRtlGetAppContainerNamedObjectPath [0x77BA7B8E+238]","statusTrace":"self = <Tripo.Tripo_Web.pages.QuotationAddPage.QuotationAddPage object at 0x0000020DA8D5B070>\nvalue = '.ant-select-dropdown-menu-item:nth-child(9)'\n\n    def cssclick(self, value):\n        # print(value)\n        # print(self.value)\n        a = 0\n        while True:\n            try:\n    \n>               self.driver.find_element(By.CSS_SELECTOR, value).click()\n\npages\\BasePage.py:71: \n_ _ _ _ _ _ _ _ _ _ _ _ _ _ _ _ _ _ _ _ _ _ _ _ _ _ _ _ _ _ _ _ _ _ _ _ _ _ _ _\n\nself = <selenium.webdriver.chrome.webdriver.WebDriver (session=\"1cf99a39a6ec2e8d4b993f50d04b3c59\")>\nby = 'css selector', value = '.ant-select-dropdown-menu-item:nth-child(9)'\n\n    def find_element(self, by=By.ID, value=None) -> WebElement:\n        \"\"\"\n        Find an element given a By strategy and locator.\n    \n        :Usage:\n            ::\n    \n                element = driver.find_element(By.ID, 'foo')\n    \n        :rtype: WebElement\n        \"\"\"\n        if isinstance(by, RelativeBy):\n            elements = self.find_elements(by=by, value=value)\n            if not elements:\n                raise NoSuchElementException(f\"Cannot locate relative element with: {by.root}\")\n            return elements[0]\n    \n        if by == By.ID:\n            by = By.CSS_SELECTOR\n            value = '[id=\"%s\"]' % value\n        elif by == By.CLASS_NAME:\n            by = By.CSS_SELECTOR\n            value = \".%s\" % value\n        elif by == By.NAME:\n            by = By.CSS_SELECTOR\n            value = '[name=\"%s\"]' % value\n    \n>       return self.execute(Command.FIND_ELEMENT, {\n            'using': by,\n            'value': value})['value']\n\nF:\\PYTHON\\lib\\site-packages\\selenium\\webdriver\\remote\\webdriver.py:1251: \n_ _ _ _ _ _ _ _ _ _ _ _ _ _ _ _ _ _ _ _ _ _ _ _ _ _ _ _ _ _ _ _ _ _ _ _ _ _ _ _\n\n>   ???\n\nsrc\\\\webdriver_helper\\\\driver.py:325: \n_ _ _ _ _ _ _ _ _ _ _ _ _ _ _ _ _ _ _ _ _ _ _ _ _ _ _ _ _ _ _ _ _ _ _ _ _ _ _ _\n\nself = <selenium.webdriver.chrome.webdriver.WebDriver (session=\"1cf99a39a6ec2e8d4b993f50d04b3c59\")>\ndriver_command = 'findElement'\nparams = {'using': 'css selector', 'value': '.ant-select-dropdown-menu-item:nth-child(9)'}\n\n    def execute(self, driver_command: str, params: dict = None) -> dict:\n        \"\"\"\n        Sends a command to be executed by a command.CommandExecutor.\n    \n        :Args:\n         - driver_command: The name of the command to execute as a string.\n         - params: A dictionary of named parameters to send with the command.\n    \n        :Returns:\n          The command's JSON response loaded into a dictionary object.\n        \"\"\"\n        if self.session_id:\n            if not params:\n                params = {'sessionId': self.session_id}\n            elif 'sessionId' not in params:\n                params['sessionId'] = self.session_id\n    \n        params = self._wrap_value(params)\n        response = self.command_executor.execute(driver_command, params)\n        if response:\n>           self.error_handler.check_response(response)\n\nF:\\PYTHON\\lib\\site-packages\\selenium\\webdriver\\remote\\webdriver.py:430: \n_ _ _ _ _ _ _ _ _ _ _ _ _ _ _ _ _ _ _ _ _ _ _ _ _ _ _ _ _ _ _ _ _ _ _ _ _ _ _ _\n\nself = <selenium.webdriver.remote.errorhandler.ErrorHandler object at 0x0000020DA8CA9720>\nresponse = {'status': 404, 'value': '{\"value\":{\"error\":\"no such element\",\"message\":\"no such element: Unable to locate element: {\\...\\n\\\\tRtlGetAppContainerNamedObjectPath [0x77BA7BBE+286]\\\\n\\\\tRtlGetAppContainerNamedObjectPath [0x77BA7B8E+238]\\\\n\"}}'}\n\n    def check_response(self, response: Dict[str, Any]) -> None:\n        \"\"\"\n        Checks that a JSON response from the WebDriver does not have an error.\n    \n        :Args:\n         - response - The JSON response from the WebDriver server as a dictionary\n           object.\n    \n        :Raises: If the response contains an error message.\n        \"\"\"\n        status = response.get('status', None)\n        if not status or status == ErrorCode.SUCCESS:\n            return\n        value = None\n        message = response.get(\"message\", \"\")\n        screen: str = response.get(\"screen\", \"\")\n        stacktrace = None\n        if isinstance(status, int):\n            value_json = response.get('value', None)\n            if value_json and isinstance(value_json, str):\n                import json\n                try:\n                    value = json.loads(value_json)\n                    if len(value.keys()) == 1:\n                        value = value['value']\n                    status = value.get('error', None)\n                    if not status:\n                        status = value.get(\"status\", ErrorCode.UNKNOWN_ERROR)\n                        message = value.get(\"value\") or value.get(\"message\")\n                        if not isinstance(message, str):\n                            value = message\n                            message = message.get('message')\n                    else:\n                        message = value.get('message', None)\n                except ValueError:\n                    pass\n    \n        exception_class: Type[WebDriverException]\n        if status in ErrorCode.NO_SUCH_ELEMENT:\n            exception_class = NoSuchElementException\n        elif status in ErrorCode.NO_SUCH_FRAME:\n            exception_class = NoSuchFrameException\n        elif status in ErrorCode.NO_SUCH_SHADOW_ROOT:\n            exception_class = NoSuchShadowRootException\n        elif status in ErrorCode.NO_SUCH_WINDOW:\n            exception_class = NoSuchWindowException\n        elif status in ErrorCode.STALE_ELEMENT_REFERENCE:\n            exception_class = StaleElementReferenceException\n        elif status in ErrorCode.ELEMENT_NOT_VISIBLE:\n            exception_class = ElementNotVisibleException\n        elif status in ErrorCode.INVALID_ELEMENT_STATE:\n            exception_class = InvalidElementStateException\n        elif status in ErrorCode.INVALID_SELECTOR \\\n                or status in ErrorCode.INVALID_XPATH_SELECTOR \\\n                or status in ErrorCode.INVALID_XPATH_SELECTOR_RETURN_TYPER:\n            exception_class = InvalidSelectorException\n        elif status in ErrorCode.ELEMENT_IS_NOT_SELECTABLE:\n            exception_class = ElementNotSelectableException\n        elif status in ErrorCode.ELEMENT_NOT_INTERACTABLE:\n            exception_class = ElementNotInteractableException\n        elif status in ErrorCode.INVALID_COOKIE_DOMAIN:\n            exception_class = InvalidCookieDomainException\n        elif status in ErrorCode.UNABLE_TO_SET_COOKIE:\n            exception_class = UnableToSetCookieException\n        elif status in ErrorCode.TIMEOUT:\n            exception_class = TimeoutException\n        elif status in ErrorCode.SCRIPT_TIMEOUT:\n            exception_class = TimeoutException\n        elif status in ErrorCode.UNKNOWN_ERROR:\n            exception_class = WebDriverException\n        elif status in ErrorCode.UNEXPECTED_ALERT_OPEN:\n            exception_class = UnexpectedAlertPresentException\n        elif status in ErrorCode.NO_ALERT_OPEN:\n            exception_class = NoAlertPresentException\n        elif status in ErrorCode.IME_NOT_AVAILABLE:\n            exception_class = ImeNotAvailableException\n        elif status in ErrorCode.IME_ENGINE_ACTIVATION_FAILED:\n            exception_class = ImeActivationFailedException\n        elif status in ErrorCode.MOVE_TARGET_OUT_OF_BOUNDS:\n            exception_class = MoveTargetOutOfBoundsException\n        elif status in ErrorCode.JAVASCRIPT_ERROR:\n            exception_class = JavascriptException\n        elif status in ErrorCode.SESSION_NOT_CREATED:\n            exception_class = SessionNotCreatedException\n        elif status in ErrorCode.INVALID_ARGUMENT:\n            exception_class = InvalidArgumentException\n        elif status in ErrorCode.NO_SUCH_COOKIE:\n            exception_class = NoSuchCookieException\n        elif status in ErrorCode.UNABLE_TO_CAPTURE_SCREEN:\n            exception_class = ScreenshotException\n        elif status in ErrorCode.ELEMENT_CLICK_INTERCEPTED:\n            exception_class = ElementClickInterceptedException\n        elif status in ErrorCode.INSECURE_CERTIFICATE:\n            exception_class = InsecureCertificateException\n        elif status in ErrorCode.INVALID_COORDINATES:\n            exception_class = InvalidCoordinatesException\n        elif status in ErrorCode.INVALID_SESSION_ID:\n            exception_class = InvalidSessionIdException\n        elif status in ErrorCode.UNKNOWN_METHOD:\n            exception_class = UnknownMethodException\n        else:\n            exception_class = WebDriverException\n        if not value:\n            value = response['value']\n        if isinstance(value, str):\n            raise exception_class(value)\n        if message == \"\" and 'message' in value:\n            message = value['message']\n    \n        screen = None  # type: ignore[assignment]\n        if 'screen' in value:\n            screen = value['screen']\n    \n        stacktrace = None\n        st_value = value.get('stackTrace') or value.get('stacktrace')\n        if st_value:\n            if isinstance(st_value, str):\n                stacktrace = st_value.split('\\n')\n            else:\n                stacktrace = []\n                try:\n                    for frame in st_value:\n                        line = self._value_or_default(frame, 'lineNumber', '')\n                        file = self._value_or_default(frame, 'fileName', '<anonymous>')\n                        if line:\n                            file = \"%s:%s\" % (file, line)\n                        meth = self._value_or_default(frame, 'methodName', '<anonymous>')\n                        if 'className' in frame:\n                            meth = \"%s.%s\" % (frame['className'], meth)\n                        msg = \"    at %s (%s)\"\n                        msg = msg % (meth, file)\n                        stacktrace.append(msg)\n                except TypeError:\n                    pass\n        if exception_class == UnexpectedAlertPresentException:\n            alert_text = None\n            if 'data' in value:\n                alert_text = value['data'].get('text')\n            elif 'alert' in value:\n                alert_text = value['alert'].get('text')\n            raise exception_class(message, screen, stacktrace, alert_text)  # type: ignore[call-arg]  # mypy is not smart enough here\n>       raise exception_class(message, screen, stacktrace)\nE       selenium.common.exceptions.NoSuchElementException: Message: no such element: Unable to locate element: {\"method\":\"css selector\",\"selector\":\".ant-select-dropdown-menu-item:nth-child(9)\"}\nE         (Session info: chrome=110.0.5481.104)\nE       Stacktrace:\nE       Backtrace:\nE       \t(No symbol) [0x00383643]\nE       \t(No symbol) [0x00318981]\nE       \t(No symbol) [0x0021B35D]\nE       \t(No symbol) [0x0024D352]\nE       \t(No symbol) [0x0024D48B]\nE       \t(No symbol) [0x002831F2]\nE       \t(No symbol) [0x0026B444]\nE       \t(No symbol) [0x002810F5]\nE       \t(No symbol) [0x0026B1F6]\nE       \t(No symbol) [0x00240D57]\nE       \t(No symbol) [0x002424FD]\nE       \tGetHandleVerifier [0x005FB5F2+2513186]\nE       \tGetHandleVerifier [0x0062B730+2710112]\nE       \tGetHandleVerifier [0x0062ECDC+2723852]\nE       \tGetHandleVerifier [0x00432250+640384]\nE       \t(No symbol) [0x00321142]\nE       \t(No symbol) [0x00326AD8]\nE       \t(No symbol) [0x00326BBB]\nE       \t(No symbol) [0x003309FB]\nE       \tBaseThreadInitThunk [0x7750FEF9+25]\nE       \tRtlGetAppContainerNamedObjectPath [0x77BA7BBE+286]\nE       \tRtlGetAppContainerNamedObjectPath [0x77BA7B8E+238]\n\nF:\\PYTHON\\lib\\site-packages\\selenium\\webdriver\\remote\\errorhandler.py:247: NoSuchElementException\n\nDuring handling of the above exception, another exception occurred:\n\nself = <test_case.test_smoke_invoice.TestInvoice object at 0x0000020DA8CA8790>\ndriver = <selenium.webdriver.chrome.webdriver.WebDriver (session=\"1cf99a39a6ec2e8d4b993f50d04b3c59\")>\ncaseinfo2 = {'textgroupcontacts': 'David1', 'textgroupdescription': '套票說明第一段有13個字：\\n說明第二段有22個字：說明第二段有22個字：\\n說明第三段有44個字：說明第三段有44個字：...name': '團名1', 'textgroupremark': '套票備註第一段有13個字：\\n備註第二段有22個字：備註第二段有22個字：\\n備註第三段有44個字：備註第三段有44個字：備註第三段有44個字：備註第三段有44個字：'}\n\n    @pytest.mark.parametrize(\"caseinfo2\",\n                             read_testcase(\n                                 r\"D:\\Learn\\python\\tripo-test\\Tripo\\Tripo_Web\\datas\\QuotationAdd_group.yaml\"))\n    def test_group(self, driver, caseinfo2):\n        f = QuotationAddPage(driver)\n>       f.group13579(caseinfo2[\"textgroupname\"], caseinfo2[\"textgroupcontacts\"], caseinfo2[\"textgroupdescription\"], caseinfo2[\"textgroupremark\"])\n\ntest_case\\test_smoke_invoice.py:105: \n_ _ _ _ _ _ _ _ _ _ _ _ _ _ _ _ _ _ _ _ _ _ _ _ _ _ _ _ _ _ _ _ _ _ _ _ _ _ _ _\npages\\QuotationAddPage.py:77: in group13579\n    self.cssclick(self.fieldgroupitem9)\npages\\BasePage.py:77: in cssclick\n    self.driver.find_element(By.CSS_SELECTOR, value).click()\nF:\\PYTHON\\lib\\site-packages\\selenium\\webdriver\\remote\\webdriver.py:1251: in find_element\n    return self.execute(Command.FIND_ELEMENT, {\nsrc\\\\webdriver_helper\\\\driver.py:325: in webdriver_helper.driver.WebDriverPatch.execute\n    ???\nF:\\PYTHON\\lib\\site-packages\\selenium\\webdriver\\remote\\webdriver.py:430: in execute\n    self.error_handler.check_response(response)\n_ _ _ _ _ _ _ _ _ _ _ _ _ _ _ _ _ _ _ _ _ _ _ _ _ _ _ _ _ _ _ _ _ _ _ _ _ _ _ _\n\nself = <selenium.webdriver.remote.errorhandler.ErrorHandler object at 0x0000020DA8CA9720>\nresponse = {'status': 404, 'value': '{\"value\":{\"error\":\"no such element\",\"message\":\"no such element: Unable to locate element: {\\...\\n\\\\tRtlGetAppContainerNamedObjectPath [0x77BA7BBE+286]\\\\n\\\\tRtlGetAppContainerNamedObjectPath [0x77BA7B8E+238]\\\\n\"}}'}\n\n    def check_response(self, response: Dict[str, Any]) -> None:\n        \"\"\"\n        Checks that a JSON response from the WebDriver does not have an error.\n    \n        :Args:\n         - response - The JSON response from the WebDriver server as a dictionary\n           object.\n    \n        :Raises: If the response contains an error message.\n        \"\"\"\n        status = response.get('status', None)\n        if not status or status == ErrorCode.SUCCESS:\n            return\n        value = None\n        message = response.get(\"message\", \"\")\n        screen: str = response.get(\"screen\", \"\")\n        stacktrace = None\n        if isinstance(status, int):\n            value_json = response.get('value', None)\n            if value_json and isinstance(value_json, str):\n                import json\n                try:\n                    value = json.loads(value_json)\n                    if len(value.keys()) == 1:\n                        value = value['value']\n                    status = value.get('error', None)\n                    if not status:\n                        status = value.get(\"status\", ErrorCode.UNKNOWN_ERROR)\n                        message = value.get(\"value\") or value.get(\"message\")\n                        if not isinstance(message, str):\n                            value = message\n                            message = message.get('message')\n                    else:\n                        message = value.get('message', None)\n                except ValueError:\n                    pass\n    \n        exception_class: Type[WebDriverException]\n        if status in ErrorCode.NO_SUCH_ELEMENT:\n            exception_class = NoSuchElementException\n        elif status in ErrorCode.NO_SUCH_FRAME:\n            exception_class = NoSuchFrameException\n        elif status in ErrorCode.NO_SUCH_SHADOW_ROOT:\n            exception_class = NoSuchShadowRootException\n        elif status in ErrorCode.NO_SUCH_WINDOW:\n            exception_class = NoSuchWindowException\n        elif status in ErrorCode.STALE_ELEMENT_REFERENCE:\n            exception_class = StaleElementReferenceException\n        elif status in ErrorCode.ELEMENT_NOT_VISIBLE:\n            exception_class = ElementNotVisibleException\n        elif status in ErrorCode.INVALID_ELEMENT_STATE:\n            exception_class = InvalidElementStateException\n        elif status in ErrorCode.INVALID_SELECTOR \\\n                or status in ErrorCode.INVALID_XPATH_SELECTOR \\\n                or status in ErrorCode.INVALID_XPATH_SELECTOR_RETURN_TYPER:\n            exception_class = InvalidSelectorException\n        elif status in ErrorCode.ELEMENT_IS_NOT_SELECTABLE:\n            exception_class = ElementNotSelectableException\n        elif status in ErrorCode.ELEMENT_NOT_INTERACTABLE:\n            exception_class = ElementNotInteractableException\n        elif status in ErrorCode.INVALID_COOKIE_DOMAIN:\n            exception_class = InvalidCookieDomainException\n        elif status in ErrorCode.UNABLE_TO_SET_COOKIE:\n            exception_class = UnableToSetCookieException\n        elif status in ErrorCode.TIMEOUT:\n            exception_class = TimeoutException\n        elif status in ErrorCode.SCRIPT_TIMEOUT:\n            exception_class = TimeoutException\n        elif status in ErrorCode.UNKNOWN_ERROR:\n            exception_class = WebDriverException\n        elif status in ErrorCode.UNEXPECTED_ALERT_OPEN:\n            exception_class = UnexpectedAlertPresentException\n        elif status in ErrorCode.NO_ALERT_OPEN:\n            exception_class = NoAlertPresentException\n        elif status in ErrorCode.IME_NOT_AVAILABLE:\n            exception_class = ImeNotAvailableException\n        elif status in ErrorCode.IME_ENGINE_ACTIVATION_FAILED:\n            exception_class = ImeActivationFailedException\n        elif status in ErrorCode.MOVE_TARGET_OUT_OF_BOUNDS:\n            exception_class = MoveTargetOutOfBoundsException\n        elif status in ErrorCode.JAVASCRIPT_ERROR:\n            exception_class = JavascriptException\n        elif status in ErrorCode.SESSION_NOT_CREATED:\n            exception_class = SessionNotCreatedException\n        elif status in ErrorCode.INVALID_ARGUMENT:\n            exception_class = InvalidArgumentException\n        elif status in ErrorCode.NO_SUCH_COOKIE:\n            exception_class = NoSuchCookieException\n        elif status in ErrorCode.UNABLE_TO_CAPTURE_SCREEN:\n            exception_class = ScreenshotException\n        elif status in ErrorCode.ELEMENT_CLICK_INTERCEPTED:\n            exception_class = ElementClickInterceptedException\n        elif status in ErrorCode.INSECURE_CERTIFICATE:\n            exception_class = InsecureCertificateException\n        elif status in ErrorCode.INVALID_COORDINATES:\n            exception_class = InvalidCoordinatesException\n        elif status in ErrorCode.INVALID_SESSION_ID:\n            exception_class = InvalidSessionIdException\n        elif status in ErrorCode.UNKNOWN_METHOD:\n            exception_class = UnknownMethodException\n        else:\n            exception_class = WebDriverException\n        if not value:\n            value = response['value']\n        if isinstance(value, str):\n            raise exception_class(value)\n        if message == \"\" and 'message' in value:\n            message = value['message']\n    \n        screen = None  # type: ignore[assignment]\n        if 'screen' in value:\n            screen = value['screen']\n    \n        stacktrace = None\n        st_value = value.get('stackTrace') or value.get('stacktrace')\n        if st_value:\n            if isinstance(st_value, str):\n                stacktrace = st_value.split('\\n')\n            else:\n                stacktrace = []\n                try:\n                    for frame in st_value:\n                        line = self._value_or_default(frame, 'lineNumber', '')\n                        file = self._value_or_default(frame, 'fileName', '<anonymous>')\n                        if line:\n                            file = \"%s:%s\" % (file, line)\n                        meth = self._value_or_default(frame, 'methodName', '<anonymous>')\n                        if 'className' in frame:\n                            meth = \"%s.%s\" % (frame['className'], meth)\n                        msg = \"    at %s (%s)\"\n                        msg = msg % (meth, file)\n                        stacktrace.append(msg)\n                except TypeError:\n                    pass\n        if exception_class == UnexpectedAlertPresentException:\n            alert_text = None\n            if 'data' in value:\n                alert_text = value['data'].get('text')\n            elif 'alert' in value:\n                alert_text = value['alert'].get('text')\n            raise exception_class(message, screen, stacktrace, alert_text)  # type: ignore[call-arg]  # mypy is not smart enough here\n>       raise exception_class(message, screen, stacktrace)\nE       selenium.common.exceptions.NoSuchElementException: Message: no such element: Unable to locate element: {\"method\":\"css selector\",\"selector\":\".ant-select-dropdown-menu-item:nth-child(9)\"}\nE         (Session info: chrome=110.0.5481.104)\nE       Stacktrace:\nE       Backtrace:\nE       \t(No symbol) [0x00383643]\nE       \t(No symbol) [0x00318981]\nE       \t(No symbol) [0x0021B35D]\nE       \t(No symbol) [0x0024D352]\nE       \t(No symbol) [0x0024D48B]\nE       \t(No symbol) [0x002831F2]\nE       \t(No symbol) [0x0026B444]\nE       \t(No symbol) [0x002810F5]\nE       \t(No symbol) [0x0026B1F6]\nE       \t(No symbol) [0x00240D57]\nE       \t(No symbol) [0x002424FD]\nE       \tGetHandleVerifier [0x005FB5F2+2513186]\nE       \tGetHandleVerifier [0x0062B730+2710112]\nE       \tGetHandleVerifier [0x0062ECDC+2723852]\nE       \tGetHandleVerifier [0x00432250+640384]\nE       \t(No symbol) [0x00321142]\nE       \t(No symbol) [0x00326AD8]\nE       \t(No symbol) [0x00326BBB]\nE       \t(No symbol) [0x003309FB]\nE       \tBaseThreadInitThunk [0x7750FEF9+25]\nE       \tRtlGetAppContainerNamedObjectPath [0x77BA7BBE+286]\nE       \tRtlGetAppContainerNamedObjectPath [0x77BA7B8E+238]\n\nF:\\PYTHON\\lib\\site-packages\\selenium\\webdriver\\remote\\errorhandler.py:247: NoSuchElementException","flaky":false,"newFailed":false,"newBroken":false,"newPassed":false,"retriesCount":0,"retriesStatusChange":false,"beforeStages":[{"name":"base_url","time":{"start":1676882605852,"stop":1676882605852,"duration":0},"status":"passed","steps":[],"attachments":[],"parameters":[],"hasContent":false,"stepsCount":0,"shouldDisplayMessage":false,"attachmentsCount":0},{"name":"_verify_url","time":{"start":1676882605852,"stop":1676882605852,"duration":0},"status":"passed","steps":[],"attachments":[],"parameters":[],"hasContent":false,"stepsCount":0,"shouldDisplayMessage":false,"attachmentsCount":0},{"name":"driver","time":{"start":1676882605853,"stop":1676882611147,"duration":5294},"status":"passed","steps":[],"attachments":[],"parameters":[],"hasContent":false,"stepsCount":0,"shouldDisplayMessage":false,"attachmentsCount":0}],"afterStages":[{"name":"driver::0","time":{"start":1676883928652,"stop":1676883931387,"duration":2735},"status":"passed","steps":[],"attachments":[],"parameters":[],"hasContent":false,"stepsCount":0,"shouldDisplayMessage":false,"attachmentsCount":0}],"labels":[{"name":"parentSuite","value":"test_case"},{"name":"suite","value":"test_smoke_invoice"},{"name":"subSuite","value":"TestInvoice"},{"name":"host","value":"USER-20221118IY"},{"name":"thread","value":"18492-MainThread"},{"name":"framework","value":"pytest"},{"name":"language","value":"cpython3"},{"name":"package","value":"test_case.test_smoke_invoice"},{"name":"resultFormat","value":"allure2"}],"parameters":[{"name":"caseinfo2","value":"{'textgroupname': '團名1', 'textgroupcontacts': 'David1', 'textgroupdescription': '套票說明第一段有13個字：\\n說明第二段有22個字：說明第二段有22個字：\\n說明第三段有44個字：說明第三段有44個字：說明第三段有44個字：說明第三段有44個字：', 'textgroupremark': '套票備註第一段有13個字：\\n備註第二段有22個字：備註第二段有22個字：\\n備註第三段有44個字：備註第三段有44個字：備註第三段有44個字：備註第三段有44個字：'}"}],"links":[],"hidden":false,"retry":false,"extra":{"severity":"normal","retries":[],"categories":[{"name":"Test defects","matchedStatuses":[],"flaky":false}],"tags":[]},"source":"9e8a18ca8c5d044a.json","parameterValues":["{'textgroupname': '團名1', 'textgroupcontacts': 'David1', 'textgroupdescription': '套票說明第一段有13個字：\\n說明第二段有22個字：說明第二段有22個字：\\n說明第三段有44個字：說明第三段有44個字：說明第三段有44個字：說明第三段有44個字：', 'textgroupremark': '套票備註第一段有13個字：\\n備註第二段有22個字：備註第二段有22個字：\\n備註第三段有44個字：備註第三段有44個字：備註第三段有44個字：備註第三段有44個字：'}"]}